[debug] [2024-05-21T11:23:06.305Z] ----------------------------------------------------------------------
[debug] [2024-05-21T11:23:06.307Z] Command:       /home/mtume/.nvm/versions/node/v18.20.2/bin/node /home/mtume/.nvm/versions/node/v18.20.2/bin/firebase init
[debug] [2024-05-21T11:23:06.307Z] CLI Version:   13.9.0
[debug] [2024-05-21T11:23:06.308Z] Platform:      linux
[debug] [2024-05-21T11:23:06.308Z] Node Version:  v18.20.2
[debug] [2024-05-21T11:23:06.308Z] Time:          Tue May 21 2024 14:23:06 GMT+0300 (East Africa Time)
[debug] [2024-05-21T11:23:06.309Z] ----------------------------------------------------------------------
[debug] 
[debug] [2024-05-21T11:23:06.315Z] > command requires scopes: ["email","openid","https://www.googleapis.com/auth/cloudplatformprojects.readonly","https://www.googleapis.com/auth/firebase","https://www.googleapis.com/auth/cloud-platform"]
[debug] [2024-05-21T11:23:06.316Z] > authorizing via signed-in user (globepawaventures@gmail.com)
[info] 
     ######## #### ########  ######## ########     ###     ######  ########
     ##        ##  ##     ## ##       ##     ##  ##   ##  ##       ##
     ######    ##  ########  ######   ########  #########  ######  ######
     ##        ##  ##    ##  ##       ##     ## ##     ##       ## ##
     ##       #### ##     ## ######## ########  ##     ##  ######  ########

You're about to initialize a Firebase project in this directory:

  /home/mtume/Codes/supalaif/src/supalaif_frontend

[info] 
=== Project Setup
[info] 
[info] First, let's associate this project directory with a Firebase project.
[info] You can create multiple project aliases by running firebase use --add, 
[info] but for now we'll just set up a default project.
[info] 
[debug] [2024-05-21T11:25:09.470Z] >>> [apiv2][query] GET https://firebase.googleapis.com/v1beta1/projects pageSize=100
[debug] [2024-05-21T11:25:14.218Z] <<< [apiv2][status] GET https://firebase.googleapis.com/v1beta1/projects 200
[debug] [2024-05-21T11:25:14.218Z] <<< [apiv2][body] GET https://firebase.googleapis.com/v1beta1/projects [omitted]
[info] i  Using project morals-coach (Morals coach) 
[info] 
=== Database Setup
[info] i  database: ensuring required API firebasedatabase.googleapis.com is enabled... 
[debug] [2024-05-21T11:25:22.571Z] >>> [apiv2][query] GET https://serviceusage.googleapis.com/v1/projects/morals-coach/services/firebasedatabase.googleapis.com [none]
[debug] [2024-05-21T11:25:22.571Z] >>> [apiv2][(partial)header] GET https://serviceusage.googleapis.com/v1/projects/morals-coach/services/firebasedatabase.googleapis.com x-goog-quota-user=projects/morals-coach
[debug] [2024-05-21T11:25:24.741Z] <<< [apiv2][status] GET https://serviceusage.googleapis.com/v1/projects/morals-coach/services/firebasedatabase.googleapis.com 200
[debug] [2024-05-21T11:25:24.742Z] <<< [apiv2][body] GET https://serviceusage.googleapis.com/v1/projects/morals-coach/services/firebasedatabase.googleapis.com [omitted]
[info] ✔  database: required API firebasedatabase.googleapis.com is enabled 
[info] 
[debug] [2024-05-21T11:25:24.746Z] >>> [apiv2][query] GET https://firebasedatabase.googleapis.com/v1beta/projects/morals-coach/locations/-/instances/morals-coach-default-rtdb [none]
[debug] [2024-05-21T11:25:26.993Z] <<< [apiv2][status] GET https://firebasedatabase.googleapis.com/v1beta/projects/morals-coach/locations/-/instances/morals-coach-default-rtdb 200
[debug] [2024-05-21T11:25:26.994Z] <<< [apiv2][body] GET https://firebasedatabase.googleapis.com/v1beta/projects/morals-coach/locations/-/instances/morals-coach-default-rtdb {"name":"projects/785484348722/locations/asia-southeast1/instances/morals-coach-default-rtdb","project":"projects/785484348722","databaseUrl":"https://morals-coach-default-rtdb.asia-southeast1.firebasedatabase.app","type":"DEFAULT_DATABASE","state":"ACTIVE"}
[info] 
[info] Firebase Realtime Database Security Rules allow you to define how your data should be
[info] structured and when your data can be read from and written to.
[info] 
[debug] [2024-05-21T11:25:34.853Z] >>> [apiv2][query] GET https://morals-coach-default-rtdb.asia-southeast1.firebasedatabase.app/.settings/rules.json [none]
[debug] [2024-05-21T11:25:41.170Z] <<< [apiv2][status] GET https://morals-coach-default-rtdb.asia-southeast1.firebasedatabase.app/.settings/rules.json 200
[debug] [2024-05-21T11:25:41.171Z] <<< [apiv2][body] GET https://morals-coach-default-rtdb.asia-southeast1.firebasedatabase.app/.settings/rules.json [stream]
[info] ✔  Database Rules for morals-coach-default-rtdb have been written to 	. 
[info] Future modifications to 	 will update Realtime Database Security Rules when you run
[info] firebase deploy.
[info] 
=== Firestore Setup
[debug] [2024-05-21T11:25:41.180Z] >>> [apiv2][query] GET https://serviceusage.googleapis.com/v1/projects/morals-coach/services/firestore.googleapis.com [none]
[debug] [2024-05-21T11:25:41.181Z] >>> [apiv2][(partial)header] GET https://serviceusage.googleapis.com/v1/projects/morals-coach/services/firestore.googleapis.com x-goog-quota-user=projects/morals-coach
[debug] [2024-05-21T11:25:46.756Z] <<< [apiv2][status] GET https://serviceusage.googleapis.com/v1/projects/morals-coach/services/firestore.googleapis.com 200
[debug] [2024-05-21T11:25:46.757Z] <<< [apiv2][body] GET https://serviceusage.googleapis.com/v1/projects/morals-coach/services/firestore.googleapis.com [omitted]
[debug] [2024-05-21T11:25:51.778Z] Error: Timed out.
    at Timeout._onTimeout (/home/mtume/.nvm/versions/node/v18.20.2/lib/node_modules/firebase-tools/lib/utils.js:267:49)
    at listOnTimeout (node:internal/timers:569:17)
    at process.processTimers (node:internal/timers:512:7)
[error] 
[error] Error: An unexpected error has occurred.
[debug] [2024-05-21T11:25:57.330Z] ----------------------------------------------------------------------
[debug] [2024-05-21T11:25:57.332Z] Command:       /home/mtume/.nvm/versions/node/v18.20.2/bin/node /home/mtume/.nvm/versions/node/v18.20.2/bin/firebase init
[debug] [2024-05-21T11:25:57.333Z] CLI Version:   13.9.0
[debug] [2024-05-21T11:25:57.333Z] Platform:      linux
[debug] [2024-05-21T11:25:57.334Z] Node Version:  v18.20.2
[debug] [2024-05-21T11:25:57.334Z] Time:          Tue May 21 2024 14:25:57 GMT+0300 (East Africa Time)
[debug] [2024-05-21T11:25:57.334Z] ----------------------------------------------------------------------
[debug] 
[debug] [2024-05-21T11:25:57.341Z] > command requires scopes: ["email","openid","https://www.googleapis.com/auth/cloudplatformprojects.readonly","https://www.googleapis.com/auth/firebase","https://www.googleapis.com/auth/cloud-platform"]
[debug] [2024-05-21T11:25:57.342Z] > authorizing via signed-in user (globepawaventures@gmail.com)
[info] 
     ######## #### ########  ######## ########     ###     ######  ########
     ##        ##  ##     ## ##       ##     ##  ##   ##  ##       ##
     ######    ##  ########  ######   ########  #########  ######  ######
     ##        ##  ##    ##  ##       ##     ## ##     ##       ## ##
     ##       #### ##     ## ######## ########  ##     ##  ######  ########

You're about to initialize a Firebase project in this directory:

  /home/mtume/Codes/supalaif/src/supalaif_frontend

[info] 
=== Project Setup
[info] 
[info] First, let's associate this project directory with a Firebase project.
[info] You can create multiple project aliases by running firebase use --add, 
[info] but for now we'll just set up a default project.
[info] 
[debug] [2024-05-21T11:26:25.321Z] >>> [apiv2][query] GET https://firebase.googleapis.com/v1beta1/projects pageSize=100
[debug] [2024-05-21T11:26:27.059Z] <<< [apiv2][status] GET https://firebase.googleapis.com/v1beta1/projects 200
[debug] [2024-05-21T11:26:27.060Z] <<< [apiv2][body] GET https://firebase.googleapis.com/v1beta1/projects [omitted]
[info] i  Using project morals-coach (Morals coach) 
[info] 
=== Database Setup
[info] i  database: ensuring required API firebasedatabase.googleapis.com is enabled... 
[debug] [2024-05-21T11:26:29.694Z] >>> [apiv2][query] GET https://serviceusage.googleapis.com/v1/projects/morals-coach/services/firebasedatabase.googleapis.com [none]
[debug] [2024-05-21T11:26:29.694Z] >>> [apiv2][(partial)header] GET https://serviceusage.googleapis.com/v1/projects/morals-coach/services/firebasedatabase.googleapis.com x-goog-quota-user=projects/morals-coach
[debug] [2024-05-21T11:26:31.423Z] <<< [apiv2][status] GET https://serviceusage.googleapis.com/v1/projects/morals-coach/services/firebasedatabase.googleapis.com 200
[debug] [2024-05-21T11:26:31.424Z] <<< [apiv2][body] GET https://serviceusage.googleapis.com/v1/projects/morals-coach/services/firebasedatabase.googleapis.com [omitted]
[info] ✔  database: required API firebasedatabase.googleapis.com is enabled 
[info] 
[debug] [2024-05-21T11:26:31.428Z] >>> [apiv2][query] GET https://firebasedatabase.googleapis.com/v1beta/projects/morals-coach/locations/-/instances/morals-coach-default-rtdb [none]
[debug] [2024-05-21T11:26:34.257Z] <<< [apiv2][status] GET https://firebasedatabase.googleapis.com/v1beta/projects/morals-coach/locations/-/instances/morals-coach-default-rtdb 200
[debug] [2024-05-21T11:26:34.258Z] <<< [apiv2][body] GET https://firebasedatabase.googleapis.com/v1beta/projects/morals-coach/locations/-/instances/morals-coach-default-rtdb {"name":"projects/785484348722/locations/asia-southeast1/instances/morals-coach-default-rtdb","project":"projects/785484348722","databaseUrl":"https://morals-coach-default-rtdb.asia-southeast1.firebasedatabase.app","type":"DEFAULT_DATABASE","state":"ACTIVE"}
[info] 
[info] Firebase Realtime Database Security Rules allow you to define how your data should be
[info] structured and when your data can be read from and written to.
[info] 
[debug] [2024-05-21T11:26:37.374Z] >>> [apiv2][query] GET https://morals-coach-default-rtdb.asia-southeast1.firebasedatabase.app/.settings/rules.json [none]
[debug] [2024-05-21T11:26:38.874Z] <<< [apiv2][status] GET https://morals-coach-default-rtdb.asia-southeast1.firebasedatabase.app/.settings/rules.json 200
[debug] [2024-05-21T11:26:38.875Z] <<< [apiv2][body] GET https://morals-coach-default-rtdb.asia-southeast1.firebasedatabase.app/.settings/rules.json [stream]
[info] ✔  Database Rules for morals-coach-default-rtdb have been written to database.rules.json. 
[info] Future modifications to database.rules.json will update Realtime Database Security Rules when you run
[info] firebase deploy.
[info] 
=== Functions Setup
[debug] [2024-05-21T11:26:38.884Z] > command requires scopes: ["email","openid","https://www.googleapis.com/auth/cloudplatformprojects.readonly","https://www.googleapis.com/auth/firebase","https://www.googleapis.com/auth/cloud-platform"]
[debug] [2024-05-21T11:26:38.885Z] > authorizing via signed-in user (globepawaventures@gmail.com)
[debug] [2024-05-21T11:26:38.886Z] [iam] checking project morals-coach for permissions ["firebase.projects.get"]
[debug] [2024-05-21T11:26:38.888Z] >>> [apiv2][query] POST https://cloudresourcemanager.googleapis.com/v1/projects/morals-coach:testIamPermissions [none]
[debug] [2024-05-21T11:26:38.888Z] >>> [apiv2][(partial)header] POST https://cloudresourcemanager.googleapis.com/v1/projects/morals-coach:testIamPermissions x-goog-quota-user=projects/morals-coach
[debug] [2024-05-21T11:26:38.889Z] >>> [apiv2][body] POST https://cloudresourcemanager.googleapis.com/v1/projects/morals-coach:testIamPermissions {"permissions":["firebase.projects.get"]}
[debug] [2024-05-21T11:26:40.211Z] <<< [apiv2][status] POST https://cloudresourcemanager.googleapis.com/v1/projects/morals-coach:testIamPermissions 200
[debug] [2024-05-21T11:26:40.211Z] <<< [apiv2][body] POST https://cloudresourcemanager.googleapis.com/v1/projects/morals-coach:testIamPermissions {"permissions":["firebase.projects.get"]}
[debug] [2024-05-21T11:26:40.214Z] >>> [apiv2][query] GET https://serviceusage.googleapis.com/v1/projects/morals-coach/services/cloudfunctions.googleapis.com [none]
[debug] [2024-05-21T11:26:40.215Z] >>> [apiv2][(partial)header] GET https://serviceusage.googleapis.com/v1/projects/morals-coach/services/cloudfunctions.googleapis.com x-goog-quota-user=projects/morals-coach
[debug] [2024-05-21T11:26:40.226Z] >>> [apiv2][query] GET https://serviceusage.googleapis.com/v1/projects/morals-coach/services/runtimeconfig.googleapis.com [none]
[debug] [2024-05-21T11:26:40.227Z] >>> [apiv2][(partial)header] GET https://serviceusage.googleapis.com/v1/projects/morals-coach/services/runtimeconfig.googleapis.com x-goog-quota-user=projects/morals-coach
[debug] [2024-05-21T11:26:43.055Z] <<< [apiv2][status] GET https://serviceusage.googleapis.com/v1/projects/morals-coach/services/cloudfunctions.googleapis.com 200
[debug] [2024-05-21T11:26:43.055Z] <<< [apiv2][body] GET https://serviceusage.googleapis.com/v1/projects/morals-coach/services/cloudfunctions.googleapis.com [omitted]
[debug] [2024-05-21T11:26:43.058Z] >>> [apiv2][query] POST https://serviceusage.googleapis.com/v1/projects/morals-coach/services/cloudfunctions.googleapis.com:enable [none]
[debug] [2024-05-21T11:26:43.058Z] >>> [apiv2][(partial)header] POST https://serviceusage.googleapis.com/v1/projects/morals-coach/services/cloudfunctions.googleapis.com:enable x-goog-quota-user=projects/morals-coach
[debug] [2024-05-21T11:26:44.001Z] <<< [apiv2][status] GET https://serviceusage.googleapis.com/v1/projects/morals-coach/services/runtimeconfig.googleapis.com 200
[debug] [2024-05-21T11:26:44.002Z] <<< [apiv2][body] GET https://serviceusage.googleapis.com/v1/projects/morals-coach/services/runtimeconfig.googleapis.com [omitted]
[debug] [2024-05-21T11:26:46.261Z] <<< [apiv2][status] POST https://serviceusage.googleapis.com/v1/projects/morals-coach/services/cloudfunctions.googleapis.com:enable 200
[debug] [2024-05-21T11:26:46.261Z] <<< [apiv2][body] POST https://serviceusage.googleapis.com/v1/projects/morals-coach/services/cloudfunctions.googleapis.com:enable [omitted]
[debug] [2024-05-21T11:26:56.275Z] >>> [apiv2][query] GET https://serviceusage.googleapis.com/v1/projects/morals-coach/services/cloudfunctions.googleapis.com [none]
[debug] [2024-05-21T11:26:56.275Z] >>> [apiv2][(partial)header] GET https://serviceusage.googleapis.com/v1/projects/morals-coach/services/cloudfunctions.googleapis.com x-goog-quota-user=projects/morals-coach
[debug] [2024-05-21T11:26:59.595Z] <<< [apiv2][status] GET https://serviceusage.googleapis.com/v1/projects/morals-coach/services/cloudfunctions.googleapis.com 200
[debug] [2024-05-21T11:26:59.596Z] <<< [apiv2][body] GET https://serviceusage.googleapis.com/v1/projects/morals-coach/services/cloudfunctions.googleapis.com [omitted]
[info] Let's create a new codebase for your functions.
[info] A directory corresponding to the codebase will be created in your project
[info] with sample code pre-configured.

[info] See https://firebase.google.com/docs/functions/organize-functions for
[info] more information on organizing your functions using codebases.

[info] Functions can be deployed with firebase deploy.

[info] ✔  Wrote functions/package.json 
[info] ✔  Wrote functions/.eslintrc.js 
[info] ✔  Wrote functions/index.js 
[info] ✔  Wrote functions/.gitignore 
[info] 
[error] NPM install failed, continuing with Firebase initialization...
[info] 
=== Hosting Setup
[debug] [2024-05-21T15:04:42.069Z] > refreshing access token with scopes: []
[debug] [2024-05-21T15:04:42.070Z] >>> [apiv2][query] POST https://www.googleapis.com/oauth2/v3/token [none]
[debug] [2024-05-21T15:04:42.071Z] >>> [apiv2][body] POST https://www.googleapis.com/oauth2/v3/token [omitted]
[debug] [2024-05-21T15:04:42.075Z] *** [apiv2] error from fetch(https://www.googleapis.com/oauth2/v3/token, {"headers":{},"method":"POST","body":{"_overheadLength":545,"_valueLength":212,"_valuesToMeasure":[],"writable":false,"readable":true,"dataSize":0,"maxDataSize":2097152,"pauseStreams":true,"_released":true,"_streams":[],"_currentStream":null,"_insideLoop":false,"_pendingNext":false,"_boundary":"--------------------------081968872546352009921747","_events":{},"_eventsCount":1}}): FetchError: request to https://www.googleapis.com/oauth2/v3/token failed, reason: getaddrinfo ENOTFOUND www.googleapis.com
[debug] [2024-05-21T15:04:42.075Z] Authentication Error: Your credentials are no longer valid. Please run firebase login --reauth

For CI servers and headless environments, generate a new token with firebase login:ci
[debug] [2024-05-21T15:04:42.081Z] FirebaseError: Authentication Error: Your credentials are no longer valid. Please run firebase login --reauth

For CI servers and headless environments, generate a new token with firebase login:ci
    at invalidCredentialError (/home/mtume/.nvm/versions/node/v18.20.2/lib/node_modules/firebase-tools/lib/auth.js:142:12)
    at refreshTokens (/home/mtume/.nvm/versions/node/v18.20.2/lib/node_modules/firebase-tools/lib/auth.js:515:15)
    at process.processTicksAndRejections (node:internal/process/task_queues:95:5)
    at async getAccessToken (/home/mtume/.nvm/versions/node/v18.20.2/lib/node_modules/firebase-tools/lib/apiv2.js:40:18)
    at async Client.addAuthHeader (/home/mtume/.nvm/versions/node/v18.20.2/lib/node_modules/firebase-tools/lib/apiv2.js:167:21)
    at async Client.request (/home/mtume/.nvm/versions/node/v18.20.2/lib/node_modules/firebase-tools/lib/apiv2.js:118:34)
    at async getFirebaseProject (/home/mtume/.nvm/versions/node/v18.20.2/lib/node_modules/firebase-tools/lib/management/projects.js:295:21)
    at async getDefaultHostingSite (/home/mtume/.nvm/versions/node/v18.20.2/lib/node_modules/firebase-tools/lib/getDefaultHostingSite.js:14:21)
    at async doSetup (/home/mtume/.nvm/versions/node/v18.20.2/lib/node_modules/firebase-tools/lib/init/features/hosting/index.js:27:13)
    at async init (/home/mtume/.nvm/versions/node/v18.20.2/lib/node_modules/firebase-tools/lib/init/index.js:39:9)
[error] 
[error] Error: Failed to get Firebase project morals-coach. Please make sure the project exists and your account has permission to access it.
